=== 5-a-side standalone learning demo ===
scripted-vs-scripted:   goal_diff=-0.05  (A 0.25 / B 0.30)
untrained-vs-scripted:  goal_diff=-0.08  winrate=0.47  (A 0.00 / B 0.08)  spacing=8.3
behavior-clone warm start: 28800 samples, loss 1.155, teacher-match 57%
training for 300 iterations (12 games/iter, 4 rollout workers, seed 20260710)...

 iter |  goal_diff |  winrate |     gA     gB |  space |   gate | entropy |  val_loss
--------------------------------------------------------------------------------
    5 |     -0.767 |    0.167 |   0.00   0.77 | sp  2.3 |  watch | pass 154.4 (71%) | shot 0.0
   10 |     -0.700 |    0.258 |   0.00   0.70 | sp  8.0 |  watch | pass 34.8 (43%) | shot 0.0
   15 |     -0.833 |    0.167 |   0.00   0.83 | sp 10.6 |  watch | pass 12.4 (34%) | shot 0.0
   20 |     -0.683 |    0.275 |   0.00   0.68 | sp 11.1 |  watch | pass 17.2 (42%) | shot 0.0
   25 |     -0.950 |    0.167 |   0.00   0.95 | sp 11.7 |  watch | pass 14.4 (21%) | shot 0.0
   30 |     -0.700 |    0.242 |   0.00   0.70 | sp 10.6 |  watch | pass 10.6 (29%) | shot 0.0
   35 |     -0.817 |    0.200 |   0.00   0.82 | sp 10.4 |  watch | pass 18.1 (39%) | shot 0.0
   40 |     -0.883 |    0.200 |   0.00   0.88 | sp 10.3 |  watch | pass 16.6 (28%) | shot 0.0
   45 |     -0.767 |    0.217 |   0.00   0.77 | sp  9.9 |  watch | pass  6.3 (31%) | shot 0.0
   50 |     -1.250 |    0.133 |   0.00   1.25 | sp  8.6 |  watch | pass 32.2 (43%) | shot 0.0
   55 |     -0.067 |    0.467 |   0.00   0.07 | sp 10.1 |  watch | pass  4.6 (8%) | shot 0.0
   60 |     -0.417 |    0.325 |   0.00   0.42 | sp  9.4 |  watch | pass  2.0 (22%) | shot 0.0
   65 |     -0.167 |    0.417 |   0.00   0.17 | sp 13.4 |  watch | pass  0.7 (49%) | shot 0.0
   70 |     -0.050 |    0.475 |   0.00   0.05 | sp  7.4 |  watch | pass  1.4 (26%) | shot 0.0
   75 |     -0.067 |    0.475 |   0.00   0.07 | sp  9.4 |  watch | pass  0.8 (29%) | shot 0.0
   80 |     -0.167 |    0.433 |   0.00   0.17 | sp  9.4 |  watch | pass  0.4 (52%) | shot 0.0
   85 |     -0.100 |    0.475 |   0.00   0.10 | sp  9.4 |  watch | pass  0.6 (17%) | shot 0.0
   90 |     -0.033 |    0.483 |   0.00   0.03 | sp 10.9 |  watch | pass  4.9 (1%) | shot 0.0
   95 |     -0.100 |    0.467 |   0.00   0.10 | sp  9.3 |  watch | pass  0.5 (17%) | shot 0.0
  100 |     -0.150 |    0.442 |   0.00   0.15 | sp  9.3 |  watch | pass  2.0 (21%) | shot 0.0
  105 |     -0.267 |    0.417 |   0.00   0.27 | sp 11.9 |  watch | pass  4.2 (6%) | shot 0.0
  110 |     -0.150 |    0.433 |   0.00   0.15 | sp 13.7 |  watch | pass  4.9 (2%) | shot 0.0
  115 |     -0.083 |    0.467 |   0.00   0.08 | sp  9.8 |  watch | pass  1.4 (11%) | shot 0.0
  120 |     -0.100 |    0.467 |   0.00   0.10 | sp 10.7 |  watch | pass  0.9 (35%) | shot 0.0
  125 |     -0.067 |    0.467 |   0.00   0.07 | sp 11.8 |  watch | pass  1.4 (16%) | shot 0.0
  130 |     -0.033 |    0.483 |   0.00   0.03 | sp 14.3 |  watch | pass 13.9 (1%) | shot 0.0
  135 |     -0.067 |    0.467 |   0.00   0.07 | sp  9.6 |  watch | pass  0.8 (20%) | shot 0.0
  140 |     -0.100 |    0.475 |   0.00   0.10 | sp 12.4 |  watch | pass  3.8 (3%) | shot 0.0
  145 |     -0.383 |    0.392 |   0.00   0.38 | sp 12.8 |  watch | pass  0.5 (76%) | shot 0.0
  150 |     -0.083 |    0.467 |   0.00   0.08 | sp 16.1 |  watch | pass 15.4 (0%) | shot 0.0
  155 |     -0.100 |    0.450 |   0.00   0.10 | sp 10.5 |  watch | pass  0.6 (45%) | shot 0.0
  160 |     -0.067 |    0.475 |   0.00   0.07 | sp 10.1 |  watch | pass  0.1 (71%) | shot 0.0
  165 |     -0.083 |    0.458 |   0.00   0.08 | sp 13.8 |  watch | pass  4.2 (4%) | shot 0.0
  170 |     +0.000 |    0.500 |   0.00   0.00 | sp 11.1 |  watch | pass  0.2 (9%) | shot 0.0
  175 |     -0.017 |    0.492 |   0.00   0.02 | sp 13.3 |  watch | pass  4.0 (2%) | shot 0.0
  180 |     +0.000 |    0.500 |   0.00   0.00 | sp 14.0 |  watch | pass  0.7 (0%) | shot 0.0
  185 |     -0.067 |    0.467 |   0.00   0.07 | sp 13.7 |  watch | pass  4.4 (2%) | shot 0.0
  190 |     -0.050 |    0.475 |   0.00   0.05 | sp 11.8 |  watch | pass  5.5 (1%) | shot 0.0
  195 |     -0.083 |    0.458 |   0.00   0.08 | sp 12.5 |  watch | pass  3.0 (6%) | shot 0.0
  200 |     -0.017 |    0.492 |   0.00   0.02 | sp  9.7 |  watch | pass  0.5 (7%) | shot 0.0
  205 |     -0.067 |    0.467 |   0.00   0.07 | sp  6.5 |  watch | pass  0.8 (36%) | shot 0.0
  210 |     -0.033 |    0.483 |   0.00   0.03 | sp  8.6 |  watch | pass  0.4 (30%) | shot 0.0
  215 |     -0.033 |    0.483 |   0.00   0.03 | sp 10.2 |  watch | pass  0.4 (9%) | shot 0.0
  220 |     -0.033 |    0.483 |   0.00   0.03 | sp  8.1 |  watch | pass  0.6 (31%) | shot 0.0
  225 |     +0.000 |    0.500 |   0.00   0.00 | sp 10.8 |  watch | pass  0.5 (32%) | shot 0.0
  230 |     -0.017 |    0.492 |   0.00   0.02 | sp  7.7 |  watch | pass  0.8 (4%) | shot 0.0
  235 |     +0.000 |    0.500 |   0.00   0.00 | sp 10.1 |  watch | pass  0.4 (0%) | shot 0.0
  240 |     +0.000 |    0.500 |   0.00   0.00 | sp 10.1 |  watch | pass  0.4 (0%) | shot 0.0
  245 |     +0.000 |    0.500 |   0.00   0.00 | sp 11.8 |  watch | pass  0.4 (33%) | shot 0.0
  250 |     +0.000 |    0.500 |   0.00   0.00 | sp 10.0 |  watch | pass  0.3 (0%) | shot 0.0
  255 |     +0.000 |    0.500 |   0.00   0.00 | sp 10.3 |  watch | pass  0.7 (5%) | shot 0.0
  260 |     -0.017 |    0.492 |   0.00   0.02 | sp 10.2 |  watch | pass  0.7 (24%) | shot 0.0
  265 |     -0.017 |    0.492 |   0.00   0.02 | sp 10.2 |  watch | pass  0.6 (9%) | shot 0.0
  270 |     +0.000 |    0.500 |   0.00   0.00 | sp 10.2 |  watch | pass  0.6 (12%) | shot 0.0
  275 |     +0.000 |    0.500 |   0.00   0.00 | sp 10.1 |  watch | pass  0.5 (0%) | shot 0.0
  280 |     -0.033 |    0.483 |   0.00   0.03 | sp 10.1 |  watch | pass  1.0 (63%) | shot 0.0
  285 |     +0.000 |    0.500 |   0.00   0.00 | sp 10.1 |  watch | pass  0.2 (0%) | shot 0.0
  290 |     +0.000 |    0.500 |   0.00   0.00 | sp 10.1 |  watch | pass  0.3 (0%) | shot 0.0
  295 |     +0.000 |    0.500 |   0.00   0.00 | sp 10.1 |  watch | pass  0.4 (0%) | shot 0.0
  300 |     -0.017 |    0.492 |   0.00   0.02 | sp 10.1 |  watch | pass  0.5 (0%) | shot 0.0

wrote out/learning_curve.csv
warning: no checkpoint cleared the behavior gates; persisting best observed checkpoint with manifest flag
best policy at iter 20 (quality -3.132, gates=false)
saved policy -> out/actor.txt, out/critic.txt

FINAL (300 games): goal_diff=-0.817  winrate=0.177  goals 0.00-0.82  passes/game 7.1  spacing=11.1  bunch=5%
  pass: 17.0 att, 42% complete (50% fwd / 21% lat / 30% back) | shots 0.0, 0% converted | poss 10% | turnovers 18.3 | balls won 16.8
warning: no display seed matched the showcase filter; using seed 1 as a fallback
display seed 1 (fallback): before 0-0 (poss 261)  ->  after 0-0 (poss 65, passes 9)
wrote out/match_before.json + out/match_after.json (visual demo traces)
wrote out/run_manifest.json
