=== 5-a-side standalone learning demo ===
scripted-vs-scripted:   goal_diff=-0.05  (A 1.37 / B 1.42)
untrained-vs-scripted:  goal_diff=-1.63  winrate=0.14  (A 0.00 / B 1.63)
training for 100 iterations (8 games/iter)...

 iter |  goal_diff |  winrate |     gA     gB | entropy |  val_loss
------------------------------------------------------------------------
    5 |     -0.417 |    0.433 |   0.18   0.60 |   1.449 |    0.1366
   10 |     -0.467 |    0.408 |   0.23   0.70 |   1.452 |    0.3272
   15 |     -0.117 |    0.475 |   0.22   0.33 |   1.409 |    0.1246
   20 |     -0.900 |    0.250 |   0.72   1.62 |   1.407 |    0.1904
   25 |     -0.383 |    0.358 |   0.58   0.97 |   1.490 |    0.3986
   30 |     -0.933 |    0.242 |   1.18   2.12 |   1.494 |    0.4077
   35 |     +0.800 |    0.717 |   1.60   0.80 |   1.490 |    0.6517
   40 |     -0.217 |    0.442 |   1.05   1.27 |   1.504 |    0.5124
   45 |     -0.350 |    0.367 |   1.93   2.28 |   1.485 |    0.5240
   50 |     -0.117 |    0.450 |   2.03   2.15 |   1.469 |    0.5595
   55 |     -0.633 |    0.333 |   2.02   2.65 |   1.408 |    0.5411
   60 |     -0.217 |    0.450 |   1.45   1.67 |   1.433 |    0.4557
   65 |     +0.117 |    0.467 |   2.30   2.18 |   1.427 |    0.5704
   70 |     +0.583 |    0.658 |   2.03   1.45 |   1.318 |    0.5003
   75 |     +0.900 |    0.642 |   2.50   1.60 |   1.347 |    0.5526
   80 |     +0.567 |    0.650 |   1.85   1.28 |   1.354 |    0.7367
   85 |     +1.067 |    0.750 |   2.08   1.02 |   1.273 |    0.7932
   90 |     -0.117 |    0.483 |   1.65   1.77 |   1.202 |    0.6809
   95 |     +0.800 |    0.650 |   2.30   1.50 |   1.120 |    0.6565
  100 |     +0.300 |    0.525 |   2.00   1.70 |   1.099 |    0.9834

wrote out/learning_curve.csv
best policy at iter 85 (eval goal_diff +1.083)

FINAL (300 games): goal_diff=+1.140  winrate=0.778  goals 2.16-1.02  passes/game 0.9
>>> The learned policy BEATS the scripted analytic baseline. <<<
display seed 14: before 0-0 (poss 10)  ->  after 3-1 (poss 43, passes 4)
wrote out/match_before.json + out/match_after.json (visual demo traces)
