=== 5-a-side standalone learning demo ===
scripted-vs-scripted:   goal_diff=-0.07  (A 0.30 / B 0.37)
untrained-vs-scripted:  goal_diff=-0.14  winrate=0.46  (A 0.00 / B 0.14)  spacing=9.4
behavior-clone warm start: 28800 samples, loss 1.217, teacher-match 56%
training for 400 iterations (12 games/iter, 4 rollout workers, seed 20260710)...

 iter |  goal_diff |  winrate |     gA     gB |  space |   gate | entropy |  val_loss
--------------------------------------------------------------------------------
    5 |     -1.150 |    0.067 |   0.00   1.15 | sp  1.8 |  watch | pass 188.6 (71%) | shot 0.0
   10 |     -0.617 |    0.217 |   0.02   0.63 | sp  5.1 |  watch | pass 27.1 (42%) | shot 0.3
   15 |     -0.450 |    0.300 |   0.00   0.45 | sp  8.2 |  watch | pass  6.6 (20%) | shot 0.0
   20 |     -0.533 |    0.258 |   0.00   0.53 | sp  9.5 |  watch | pass  7.5 (19%) | shot 0.0
   25 |     -0.483 |    0.292 |   0.00   0.48 | sp 12.0 |  watch | pass 12.0 (17%) | shot 0.0
   30 |     -0.750 |    0.200 |   0.00   0.75 | sp 11.2 |  watch | pass 12.5 (15%) | shot 0.0
   35 |     -1.117 |    0.142 |   0.00   1.12 | sp 12.7 |  watch | pass  7.2 (16%) | shot 0.0
   40 |     -1.417 |    0.083 |   0.00   1.42 | sp 11.5 |  watch | pass  7.8 (19%) | shot 0.0
   45 |     -1.100 |    0.100 |   0.00   1.10 | sp 10.9 |  watch | pass  4.9 (11%) | shot 0.0
   50 |     -1.200 |    0.092 |   0.00   1.20 | sp 11.5 |  watch | pass  9.5 (13%) | shot 0.0
   55 |     -1.483 |    0.075 |   0.00   1.48 | sp 10.6 |  watch | pass 10.5 (9%) | shot 0.0
   60 |     -1.617 |    0.075 |   0.00   1.62 | sp  8.4 |  watch | pass 10.3 (13%) | shot 0.0
   65 |     -1.600 |    0.083 |   0.00   1.60 | sp 10.2 |  watch | pass  5.8 (21%) | shot 0.0
   70 |     -0.867 |    0.217 |   0.00   0.87 | sp  9.8 |  watch | pass  7.8 (26%) | shot 0.0
   75 |     -1.000 |    0.117 |   0.00   1.00 | sp  9.9 |  watch | pass  6.7 (24%) | shot 0.0
   80 |     -0.750 |    0.192 |   0.00   0.75 | sp 10.2 |  watch | pass  9.4 (18%) | shot 0.0
   85 |     -0.817 |    0.200 |   0.02   0.83 | sp 10.3 |  watch | pass  9.9 (25%) | shot 0.1
   90 |     -1.117 |    0.150 |   0.00   1.12 | sp  9.5 |  watch | pass 13.4 (14%) | shot 0.0
   95 |     -0.950 |    0.192 |   0.00   0.95 | sp  9.3 |  watch | pass 15.6 (18%) | shot 0.1
  100 |     -1.117 |    0.117 |   0.00   1.12 | sp  9.6 |  watch | pass 15.3 (16%) | shot 0.1
  105 |     -0.467 |    0.292 |   0.02   0.48 | sp  9.2 |  watch | pass 11.8 (29%) | shot 0.2
  110 |     -0.717 |    0.225 |   0.00   0.72 | sp  9.3 |  watch | pass 12.5 (22%) | shot 0.0
  115 |     -0.550 |    0.250 |   0.00   0.55 | sp 10.3 |  watch | pass 11.6 (21%) | shot 0.1
  120 |     -0.633 |    0.242 |   0.00   0.63 | sp 10.0 |  watch | pass 12.9 (19%) | shot 0.1
  125 |     -0.883 |    0.158 |   0.00   0.88 | sp 10.0 |  watch | pass 12.5 (20%) | shot 0.1
  130 |     -0.767 |    0.200 |   0.00   0.77 | sp  9.8 |  watch | pass 10.2 (23%) | shot 0.0
  135 |     -0.983 |    0.175 |   0.00   0.98 | sp  9.8 |  watch | pass  9.2 (28%) | shot 0.1
  140 |     -0.983 |    0.167 |   0.00   0.98 | sp 10.1 |  watch | pass 14.5 (27%) | shot 0.1
  145 |     -1.150 |    0.108 |   0.00   1.15 | sp 10.5 |  watch | pass 11.4 (23%) | shot 0.1
  150 |     -0.533 |    0.283 |   0.00   0.53 | sp 10.3 |  watch | pass  9.8 (29%) | shot 0.0
  155 |     -0.450 |    0.308 |   0.00   0.45 | sp  8.4 |  watch | pass 10.6 (33%) | shot 0.0
  160 |     -0.700 |    0.225 |   0.00   0.70 | sp  9.1 |  watch | pass  9.3 (43%) | shot 0.0
  165 |     -0.467 |    0.292 |   0.00   0.47 | sp  9.6 |  watch | pass  6.8 (39%) | shot 0.0
  170 |     -0.483 |    0.300 |   0.00   0.48 | sp  8.4 |  watch | pass  6.8 (40%) | shot 0.0
  175 |     -0.950 |    0.192 |   0.00   0.95 | sp  8.9 |  watch | pass  7.4 (30%) | shot 0.0
  180 |     -0.683 |    0.258 |   0.00   0.68 | sp  8.2 |  watch | pass  8.0 (33%) | shot 0.0
  185 |     -0.767 |    0.225 |   0.00   0.77 | sp  8.8 |  watch | pass  9.3 (28%) | shot 0.0
  190 |     -0.767 |    0.233 |   0.00   0.77 | sp  7.8 |  watch | pass  7.3 (31%) | shot 0.0
  195 |     -0.633 |    0.250 |   0.00   0.63 | sp  7.6 |  watch | pass  6.6 (44%) | shot 0.0
  200 |     -0.467 |    0.300 |   0.00   0.47 | sp  8.2 |  watch | pass  7.7 (39%) | shot 0.0
  205 |     -0.683 |    0.242 |   0.00   0.68 | sp  9.3 |  watch | pass  8.3 (30%) | shot 0.0
  210 |     -0.550 |    0.267 |   0.00   0.55 | sp  9.1 |  watch | pass  9.9 (30%) | shot 0.0
  215 |     -0.700 |    0.200 |   0.00   0.70 | sp  9.3 |  watch | pass 12.1 (35%) | shot 0.0
  220 |     -0.783 |    0.183 |   0.00   0.78 | sp  9.2 |  watch | pass 13.7 (27%) | shot 0.0
  225 |     -0.733 |    0.217 |   0.00   0.73 | sp  9.2 |  watch | pass 14.4 (28%) | shot 0.0
  230 |     -1.050 |    0.125 |   0.00   1.05 | sp  9.0 |  watch | pass 13.1 (27%) | shot 0.0
  235 |     -0.717 |    0.217 |   0.00   0.72 | sp  8.3 |  watch | pass 12.6 (29%) | shot 0.0
  240 |     -0.600 |    0.258 |   0.00   0.60 | sp  8.3 |  watch | pass 12.9 (23%) | shot 0.0
  245 |     -0.883 |    0.192 |   0.00   0.88 | sp  8.5 |  watch | pass  9.9 (30%) | shot 0.0
  250 |     -0.383 |    0.325 |   0.00   0.38 | sp  8.2 |  watch | pass 11.7 (34%) | shot 0.0
  255 |     -0.650 |    0.225 |   0.00   0.65 | sp  8.1 |  watch | pass 12.0 (34%) | shot 0.0
  260 |     -0.500 |    0.275 |   0.00   0.50 | sp  9.0 |  watch | pass 12.0 (27%) | shot 0.0
  265 |     -0.483 |    0.300 |   0.00   0.48 | sp  9.3 |  watch | pass 20.4 (20%) | shot 0.0
  270 |     -0.533 |    0.250 |   0.00   0.53 | sp  8.8 |  watch | pass  8.1 (37%) | shot 0.0
  275 |     -0.433 |    0.292 |   0.00   0.43 | sp  8.7 |  watch | pass 12.5 (29%) | shot 0.0
  280 |     -0.617 |    0.250 |   0.00   0.62 | sp  8.6 |  watch | pass 14.3 (25%) | shot 0.0
  285 |     -0.450 |    0.292 |   0.00   0.45 | sp  7.5 |  watch | pass 11.7 (36%) | shot 0.0
  290 |     -0.483 |    0.292 |   0.00   0.48 | sp  7.9 |  watch | pass 12.5 (33%) | shot 0.0
  295 |     -0.383 |    0.325 |   0.00   0.38 | sp  7.6 |  watch | pass 13.2 (33%) | shot 0.0
  300 |     -0.517 |    0.283 |   0.00   0.52 | sp  7.3 |  watch | pass  9.9 (41%) | shot 0.0
  305 |     -0.500 |    0.283 |   0.00   0.50 | sp  7.5 |  watch | pass 11.1 (46%) | shot 0.0
  310 |     -0.800 |    0.167 |   0.00   0.80 | sp  7.9 |  watch | pass 11.1 (38%) | shot 0.0
  315 |     -0.367 |    0.325 |   0.00   0.37 | sp  7.8 |  watch | pass 12.2 (39%) | shot 0.0
  320 |     -0.633 |    0.242 |   0.00   0.63 | sp  7.5 |  watch | pass 11.1 (42%) | shot 0.0
  325 |     -0.683 |    0.242 |   0.00   0.68 | sp  7.8 |  watch | pass  8.7 (40%) | shot 0.0
  330 |     -0.417 |    0.333 |   0.00   0.42 | sp  7.7 |  watch | pass  9.8 (42%) | shot 0.0
  335 |     -0.567 |    0.250 |   0.00   0.57 | sp  8.1 |  watch | pass  8.8 (42%) | shot 0.0
  340 |     -0.300 |    0.358 |   0.00   0.30 | sp  7.5 |  watch | pass  7.6 (52%) | shot 0.0
  345 |     -0.600 |    0.258 |   0.00   0.60 | sp  7.8 |  watch | pass  9.1 (43%) | shot 0.0
  350 |     -0.467 |    0.292 |   0.00   0.47 | sp  7.9 |  watch | pass 10.3 (36%) | shot 0.0
  355 |     -0.350 |    0.342 |   0.00   0.35 | sp  7.7 |  watch | pass 11.8 (35%) | shot 0.0
  360 |     -0.483 |    0.300 |   0.00   0.48 | sp  7.6 |  watch | pass 13.7 (42%) | shot 0.0
  365 |     -0.350 |    0.342 |   0.00   0.35 | sp  7.8 |  watch | pass 15.8 (37%) | shot 0.0
  370 |     -0.350 |    0.333 |   0.00   0.35 | sp  7.9 |  watch | pass 15.6 (31%) | shot 0.0
  375 |     -0.383 |    0.350 |   0.00   0.38 | sp  8.1 |  watch | pass 14.0 (30%) | shot 0.0
  380 |     -0.233 |    0.400 |   0.00   0.23 | sp  8.2 |  watch | pass 12.1 (32%) | shot 0.0
  385 |     -0.300 |    0.375 |   0.00   0.30 | sp  8.1 |  watch | pass 13.4 (29%) | shot 0.0
  390 |     -0.367 |    0.325 |   0.00   0.37 | sp  8.3 |  watch | pass 11.1 (33%) | shot 0.0
  395 |     -0.550 |    0.258 |   0.00   0.55 | sp  8.4 |  watch | pass 10.7 (32%) | shot 0.0
  400 |     -0.417 |    0.308 |   0.00   0.42 | sp  8.4 |  watch | pass 12.0 (27%) | shot 0.0

wrote out/learning_curve.csv
warning: no checkpoint cleared the behavior gates; persisting best observed checkpoint with manifest flag
best policy at iter 105 (quality -2.503, gates=false)
saved policy -> out/actor.txt, out/critic.txt

FINAL (300 games): goal_diff=-0.657  winrate=0.240  goals 0.00-0.66  passes/game 3.3  spacing=9.1  bunch=8%
  pass: 12.1 att, 27% complete (89% fwd / 7% lat / 4% back) | shots 0.1, 0% converted | poss 37% | turnovers 15.4 | balls won 14.4
display seed 12: before 0-0 (poss 1)  ->  after 1-0 (poss 251, passes 5)
wrote out/match_before.json + out/match_after.json (visual demo traces)
wrote out/run_manifest.json
