=== 5-a-side standalone learning demo ===
scripted-vs-scripted:   goal_diff=-0.05  (A 0.25 / B 0.30)
untrained-vs-scripted:  goal_diff=-0.08  winrate=0.47  (A 0.00 / B 0.08)  spacing=8.3
behavior-clone warm start: 28800 samples, loss 1.155, teacher-match 57%
training for 400 iterations (12 games/iter, 4 rollout workers, seed 20260710)...

 iter |  goal_diff |  winrate |     gA     gB |  space |   gate | entropy |  val_loss
--------------------------------------------------------------------------------
    5 |     -0.900 |    0.167 |   0.00   0.90 | sp  2.6 |  watch | pass 103.9 (64%) | shot 0.0
   10 |     -0.250 |    0.383 |   0.00   0.25 | sp  9.3 |  watch | pass  5.8 (27%) | shot 0.0
   15 |     -0.383 |    0.350 |   0.00   0.38 | sp 11.9 |  watch | pass  3.3 (32%) | shot 0.0
   20 |     -0.317 |    0.342 |   0.00   0.32 | sp 12.0 |  watch | pass  2.8 (45%) | shot 0.0
   25 |     -0.550 |    0.267 |   0.00   0.55 | sp 13.6 |  watch | pass  2.6 (32%) | shot 0.0
   30 |     -0.617 |    0.250 |   0.00   0.62 | sp 13.3 |  watch | pass  2.8 (31%) | shot 0.0
   35 |     -0.267 |    0.383 |   0.00   0.27 | sp 13.1 |  watch | pass  4.0 (28%) | shot 0.0
   40 |     -0.300 |    0.358 |   0.00   0.30 | sp 11.6 |  watch | pass  3.4 (23%) | shot 0.0
   45 |     -0.367 |    0.325 |   0.00   0.37 | sp 13.8 |  watch | pass  2.3 (33%) | shot 0.0
   50 |     -0.233 |    0.392 |   0.00   0.23 | sp 12.4 |  watch | pass  1.8 (36%) | shot 0.0
   55 |     -0.217 |    0.392 |   0.00   0.22 | sp 11.8 |  watch | pass  2.2 (35%) | shot 0.0
   60 |     -0.333 |    0.350 |   0.00   0.33 | sp 13.0 |  watch | pass  1.9 (46%) | shot 0.0
   65 |     -0.967 |    0.167 |   0.00   0.97 | sp 11.7 |  watch | pass  3.2 (22%) | shot 0.0
   70 |     -0.900 |    0.217 |   0.00   0.90 | sp 11.1 |  watch | pass  2.8 (33%) | shot 0.0
   75 |     -1.200 |    0.125 |   0.00   1.20 | sp 11.2 |  watch | pass  1.2 (47%) | shot 0.0
   80 |     -0.650 |    0.242 |   0.00   0.65 | sp 10.4 |  watch | pass  2.7 (36%) | shot 0.0
   85 |     -0.683 |    0.233 |   0.00   0.68 | sp 10.9 |  watch | pass  6.8 (23%) | shot 0.0
   90 |     -0.600 |    0.267 |   0.00   0.60 | sp 10.3 |  watch | pass  7.9 (27%) | shot 0.0
   95 |     -0.450 |    0.325 |   0.00   0.45 | sp 10.8 |  watch | pass  9.4 (26%) | shot 0.0
  100 |     -1.000 |    0.167 |   0.00   1.00 | sp  9.9 |  watch | pass  7.6 (21%) | shot 0.0
  105 |     -0.683 |    0.233 |   0.00   0.68 | sp  9.7 |  watch | pass  7.2 (27%) | shot 0.0
  110 |     -0.767 |    0.242 |   0.00   0.77 | sp 10.5 |  watch | pass  9.3 (25%) | shot 0.0
  115 |     -0.683 |    0.258 |   0.00   0.68 | sp  9.6 |  watch | pass 12.0 (26%) | shot 0.0
  120 |     -0.867 |    0.217 |   0.00   0.87 | sp  9.8 |  watch | pass 11.6 (25%) | shot 0.0
  125 |     -0.783 |    0.225 |   0.00   0.78 | sp  9.7 |  watch | pass  8.9 (30%) | shot 0.0
  130 |     -0.717 |    0.242 |   0.00   0.72 | sp  9.3 |  watch | pass 14.4 (23%) | shot 0.0
  135 |     -0.800 |    0.200 |   0.00   0.80 | sp  9.9 |  watch | pass 11.1 (29%) | shot 0.0
  140 |     -1.100 |    0.192 |   0.00   1.10 | sp  9.4 |  watch | pass 12.2 (31%) | shot 0.0
  145 |     -0.633 |    0.217 |   0.00   0.63 | sp  9.4 |  watch | pass 12.9 (22%) | shot 0.0
  150 |     -0.983 |    0.200 |   0.00   0.98 | sp  9.2 |  watch | pass 12.2 (31%) | shot 0.0
  155 |     -0.383 |    0.325 |   0.00   0.38 | sp  9.4 |  watch | pass 12.0 (29%) | shot 0.0
  160 |     -0.633 |    0.275 |   0.00   0.63 | sp 10.0 |  watch | pass 10.6 (24%) | shot 0.0
  165 |     -0.583 |    0.275 |   0.00   0.58 | sp  9.0 |  watch | pass 10.2 (24%) | shot 0.0
  170 |     -0.500 |    0.325 |   0.00   0.50 | sp  8.6 |  watch | pass  8.5 (25%) | shot 0.0
  175 |     -0.733 |    0.233 |   0.00   0.73 | sp  9.0 |  watch | pass 10.1 (15%) | shot 0.0
  180 |     -0.500 |    0.300 |   0.00   0.50 | sp  8.8 |  watch | pass 10.3 (27%) | shot 0.0
  185 |     -0.683 |    0.208 |   0.00   0.68 | sp  8.7 |  watch | pass 11.7 (35%) | shot 0.0
  190 |     -0.933 |    0.167 |   0.00   0.93 | sp  8.5 |  watch | pass 13.3 (29%) | shot 0.0
  195 |     -0.633 |    0.242 |   0.00   0.63 | sp  9.0 |  watch | pass 14.8 (28%) | shot 0.0
  200 |     -0.883 |    0.183 |   0.00   0.88 | sp  8.3 |  watch | pass 19.8 (29%) | shot 0.0
  205 |     -0.533 |    0.283 |   0.00   0.53 | sp  9.0 |  watch | pass 15.6 (26%) | shot 0.0
  210 |     -0.350 |    0.358 |   0.00   0.35 | sp  8.8 |  watch | pass 20.5 (19%) | shot 0.0
  215 |     -0.517 |    0.267 |   0.00   0.52 | sp  9.0 |  watch | pass 19.4 (16%) | shot 0.0
  220 |     -0.450 |    0.308 |   0.00   0.45 | sp  9.4 |  watch | pass 21.1 (16%) | shot 0.0
  225 |     -0.200 |    0.408 |   0.00   0.20 | sp  9.9 |  watch | pass 14.3 (20%) | shot 0.0
  230 |     -0.200 |    0.417 |   0.00   0.20 | sp 11.4 |  watch | pass  4.0 (31%) | shot 0.0
  235 |     -0.583 |    0.242 |   0.00   0.58 | sp  9.0 |  watch | pass 16.5 (17%) | shot 0.0
  240 |     -0.533 |    0.275 |   0.00   0.53 | sp  8.7 |  watch | pass 16.3 (19%) | shot 0.0
  245 |     -0.167 |    0.425 |   0.00   0.17 | sp  9.8 |  watch | pass  7.4 (25%) | shot 0.0
  250 |     -0.650 |    0.225 |   0.00   0.65 | sp  9.1 |  watch | pass 16.9 (15%) | shot 0.0
  255 |     -0.217 |    0.392 |   0.00   0.22 | sp  8.9 |  watch | pass 10.6 (27%) | shot 0.0
  260 |     -0.367 |    0.358 |   0.00   0.37 | sp  8.6 |  watch | pass 14.2 (21%) | shot 0.0
  265 |     -0.300 |    0.367 |   0.00   0.30 | sp  8.1 |  watch | pass 14.3 (26%) | shot 0.0
  270 |     -0.517 |    0.275 |   0.00   0.52 | sp  8.5 |  watch | pass 16.9 (24%) | shot 0.0
  275 |     -0.467 |    0.292 |   0.00   0.47 | sp  8.3 |  watch | pass 15.1 (35%) | shot 0.0
  280 |     -0.550 |    0.275 |   0.00   0.55 | sp  8.7 |  watch | pass 17.2 (27%) | shot 0.0
  285 |     -0.567 |    0.258 |   0.00   0.57 | sp  8.9 |  watch | pass 18.9 (24%) | shot 0.0
  290 |     -0.450 |    0.317 |   0.00   0.45 | sp  9.0 |  watch | pass 21.4 (20%) | shot 0.0
  295 |     -0.317 |    0.350 |   0.00   0.32 | sp  9.0 |  watch | pass 15.8 (31%) | shot 0.0
  300 |     -0.567 |    0.250 |   0.00   0.57 | sp  7.6 |  watch | pass 18.0 (34%) | shot 0.0
  305 |     -0.383 |    0.350 |   0.00   0.38 | sp  8.8 |  watch | pass 19.3 (22%) | shot 0.0
  310 |     -0.383 |    0.325 |   0.00   0.38 | sp  8.6 |  watch | pass 19.2 (22%) | shot 0.0
  315 |     -0.267 |    0.375 |   0.00   0.27 | sp  8.6 |  watch | pass 16.3 (21%) | shot 0.0
  320 |     -0.450 |    0.300 |   0.00   0.45 | sp  8.4 |  watch | pass 16.2 (25%) | shot 0.0
  325 |     -0.367 |    0.333 |   0.00   0.37 | sp  8.5 |  watch | pass 17.6 (17%) | shot 0.0
  330 |     -0.283 |    0.375 |   0.00   0.28 | sp  8.4 |  watch | pass 15.4 (24%) | shot 0.0
  335 |     -0.350 |    0.333 |   0.00   0.35 | sp  8.3 |  watch | pass 13.7 (33%) | shot 0.0
  340 |     -0.583 |    0.250 |   0.00   0.58 | sp  8.9 |  watch | pass 16.1 (23%) | shot 0.0
  345 |     -0.600 |    0.250 |   0.00   0.60 | sp  9.1 |  watch | pass 21.6 (18%) | shot 0.0
  350 |     -0.617 |    0.258 |   0.00   0.62 | sp  9.2 |  watch | pass 19.2 (16%) | shot 0.0
  355 |     -0.233 |    0.392 |   0.00   0.23 | sp  8.7 |  watch | pass 14.4 (25%) | shot 0.0
  360 |     -0.400 |    0.342 |   0.00   0.40 | sp  8.9 |  watch | pass 11.2 (26%) | shot 0.0
  365 |     -0.417 |    0.308 |   0.00   0.42 | sp  9.3 |  watch | pass 12.8 (30%) | shot 0.0
  370 |     -0.250 |    0.417 |   0.00   0.25 | sp 10.2 |  watch | pass  7.2 (37%) | shot 0.0
  375 |     -0.483 |    0.292 |   0.00   0.48 | sp  9.0 |  watch | pass 13.6 (23%) | shot 0.0
  380 |     -0.317 |    0.358 |   0.00   0.32 | sp  9.0 |  watch | pass  7.4 (32%) | shot 0.0
  385 |     -0.283 |    0.367 |   0.00   0.28 | sp  8.7 |  watch | pass 10.6 (33%) | shot 0.0
  390 |     -0.433 |    0.317 |   0.00   0.43 | sp  9.4 |  watch | pass 11.1 (22%) | shot 0.0
  395 |     -0.133 |    0.433 |   0.00   0.13 | sp  8.2 |  watch | pass  7.0 (32%) | shot 0.0
  400 |     -0.383 |    0.358 |   0.00   0.38 | sp  9.1 |  watch | pass 12.8 (21%) | shot 0.0

wrote out/learning_curve.csv
warning: no checkpoint cleared the behavior gates; persisting best observed checkpoint with manifest flag
best policy at iter 225 (quality -2.723, gates=false)
saved policy -> out/actor.txt, out/critic.txt

FINAL (300 games): goal_diff=-0.223  winrate=0.395  goals 0.00-0.22  passes/game 2.8  spacing=10.0  bunch=1%
  pass: 13.7 att, 21% complete (97% fwd / 1% lat / 1% back) | shots 0.0, 0% converted | poss 16% | turnovers 95.7 | balls won 95.1
warning: no display seed matched the showcase filter; using seed 1 as a fallback
display seed 1 (fallback): before 0-0 (poss 261)  ->  after 0-1 (poss 35, passes 3)
wrote out/match_before.json + out/match_after.json (visual demo traces)
wrote out/run_manifest.json
