=== 5-a-side standalone learning demo ===
scripted-vs-scripted:   goal_diff=-0.26  (A 0.17 / B 0.43)
untrained-vs-scripted:  goal_diff=-0.03  winrate=0.49  (A 0.00 / B 0.03)  spacing=9.7
behavior-clone warm start: 28800 samples, loss 1.061, teacher-match 61%
training for 400 iterations (12 games/iter, 4 rollout workers, seed 20260710)...

 iter |  goal_diff |  winrate |     gA     gB |  space |   gate | entropy |  val_loss
--------------------------------------------------------------------------------
    5 |     -0.533 |    0.283 |   0.12   0.65 | sp  1.7 |  watch | pass 172.2 (78%) | shot 1.1
   10 |     -0.133 |    0.433 |   0.62   0.75 | sp  3.2 |  watch | pass 31.5 (62%) | shot 2.8
   15 |     -1.033 |    0.150 |   0.00   1.03 | sp  4.8 |  watch | pass  4.0 (45%) | shot 0.1
   20 |     -1.433 |    0.083 |   0.00   1.43 | sp  6.3 |  watch | pass 11.7 (19%) | shot 0.0
   25 |     -0.800 |    0.192 |   0.00   0.80 | sp 12.9 |  watch | pass  5.3 (24%) | shot 0.0
   30 |     -0.633 |    0.250 |   0.00   0.63 | sp 11.6 |  watch | pass  2.0 (25%) | shot 0.0
   35 |     -0.717 |    0.242 |   0.00   0.72 | sp 12.5 |  watch | pass  4.3 (17%) | shot 0.0
   40 |     -0.733 |    0.167 |   0.00   0.73 | sp 10.5 |  watch | pass  3.2 (32%) | shot 0.0
   45 |     -0.400 |    0.300 |   0.00   0.40 | sp 10.7 |  watch | pass  3.0 (31%) | shot 0.0
   50 |     -0.400 |    0.317 |   0.00   0.40 | sp 11.7 |  watch | pass  3.5 (16%) | shot 0.0
   55 |     -0.517 |    0.275 |   0.00   0.52 | sp 11.2 |  watch | pass  3.1 (23%) | shot 0.0
   60 |     -0.417 |    0.317 |   0.00   0.42 | sp 10.4 |  watch | pass  3.1 (23%) | shot 0.0
   65 |     -0.400 |    0.308 |   0.00   0.40 | sp 10.8 |  watch | pass  2.7 (28%) | shot 0.0
   70 |     -0.450 |    0.300 |   0.00   0.45 | sp 10.7 |  watch | pass  3.0 (25%) | shot 0.0
   75 |     -0.917 |    0.167 |   0.00   0.92 | sp  9.9 |  watch | pass  4.4 (20%) | shot 0.0
   80 |     -0.683 |    0.225 |   0.00   0.68 | sp  9.6 |  watch | pass  8.4 (24%) | shot 0.0
   85 |     -0.400 |    0.308 |   0.00   0.40 | sp 10.3 |  watch | pass  9.1 (22%) | shot 0.0
   90 |     -0.767 |    0.217 |   0.00   0.77 | sp 10.3 |  watch | pass 15.2 (17%) | shot 0.0
   95 |     -0.533 |    0.250 |   0.00   0.53 | sp  8.6 |  watch | pass 15.5 (19%) | shot 0.0
  100 |     -0.600 |    0.250 |   0.00   0.60 | sp  9.5 |  watch | pass 17.3 (15%) | shot 0.0
  105 |     -0.467 |    0.267 |   0.00   0.47 | sp  9.4 |  watch | pass 14.6 (20%) | shot 0.0
  110 |     -0.700 |    0.242 |   0.00   0.70 | sp  9.1 |  watch | pass 10.8 (22%) | shot 0.0
  115 |     -0.517 |    0.258 |   0.00   0.52 | sp  9.1 |  watch | pass 12.0 (14%) | shot 0.0
  120 |     -0.700 |    0.200 |   0.00   0.70 | sp  9.4 |  watch | pass 17.2 (14%) | shot 0.0
  125 |     -0.817 |    0.200 |   0.00   0.82 | sp  9.3 |  watch | pass 11.6 (18%) | shot 0.0
  130 |     -0.850 |    0.183 |   0.00   0.85 | sp  9.7 |  watch | pass 13.3 (14%) | shot 0.0
  135 |     -0.750 |    0.208 |   0.00   0.75 | sp  9.4 |  watch | pass 19.3 (14%) | shot 0.0
  140 |     -0.617 |    0.250 |   0.00   0.62 | sp  9.5 |  watch | pass 21.5 (12%) | shot 0.0
  145 |     -0.550 |    0.292 |   0.00   0.55 | sp  9.5 |  watch | pass 20.3 (16%) | shot 0.0
  150 |     -0.550 |    0.308 |   0.00   0.55 | sp  9.0 |  watch | pass 18.0 (19%) | shot 0.0
  155 |     -0.700 |    0.242 |   0.00   0.70 | sp  9.3 |  watch | pass 15.7 (23%) | shot 0.0
  160 |     -0.567 |    0.267 |   0.00   0.57 | sp  8.4 |  watch | pass 16.0 (24%) | shot 0.0
  165 |     -0.650 |    0.283 |   0.00   0.65 | sp  8.4 |  watch | pass 15.4 (25%) | shot 0.0
  170 |     -0.750 |    0.208 |   0.00   0.75 | sp  9.1 |  watch | pass 16.6 (23%) | shot 0.0
  175 |     -0.733 |    0.258 |   0.00   0.73 | sp  8.7 |  watch | pass 18.4 (22%) | shot 0.0
  180 |     -0.883 |    0.158 |   0.00   0.88 | sp  8.9 |  watch | pass 20.5 (16%) | shot 0.0
  185 |     -0.817 |    0.192 |   0.00   0.82 | sp  9.5 |  watch | pass 31.6 (11%) | shot 0.0
  190 |     -0.767 |    0.217 |   0.00   0.77 | sp  9.8 |  watch | pass 25.3 (14%) | shot 0.0
  195 |     -0.450 |    0.342 |   0.00   0.45 | sp 10.0 |  watch | pass 17.6 (13%) | shot 0.0
  200 |     -0.833 |    0.233 |   0.00   0.83 | sp  9.5 |  watch | pass 18.8 (17%) | shot 0.0
  205 |     -0.517 |    0.300 |   0.00   0.52 | sp  8.1 |  watch | pass  9.0 (36%) | shot 0.0
  210 |     -0.517 |    0.292 |   0.00   0.52 | sp  8.5 |  watch | pass  8.9 (29%) | shot 0.0
  215 |     -0.250 |    0.383 |   0.00   0.25 | sp  8.2 |  watch | pass  5.5 (32%) | shot 0.0
  220 |     -0.183 |    0.408 |   0.00   0.18 | sp  8.9 |  watch | pass  4.1 (22%) | shot 0.0
  225 |     -0.417 |    0.333 |   0.00   0.42 | sp  9.7 |  watch | pass  4.3 (18%) | shot 0.0
  230 |     -0.317 |    0.367 |   0.00   0.32 | sp  9.1 |  watch | pass 11.9 (14%) | shot 0.0
  235 |     -0.183 |    0.408 |   0.00   0.18 | sp  8.3 |  watch | pass  8.9 (17%) | shot 0.0
  240 |     -0.283 |    0.367 |   0.00   0.28 | sp  9.3 |  watch | pass  3.5 (31%) | shot 0.0
  245 |     -0.133 |    0.433 |   0.00   0.13 | sp  8.4 |  watch | pass  2.2 (27%) | shot 0.0
  250 |     -0.117 |    0.442 |   0.00   0.12 | sp  8.2 |  watch | pass  2.5 (40%) | shot 0.0
  255 |     -0.233 |    0.392 |   0.00   0.23 | sp  8.7 |  watch | pass  5.3 (16%) | shot 0.0
  260 |     -0.133 |    0.433 |   0.00   0.13 | sp  9.0 |  watch | pass  3.5 (26%) | shot 0.0
  265 |     -0.083 |    0.458 |   0.00   0.08 | sp  9.8 |  watch | pass  3.4 (17%) | shot 0.0
  270 |     -0.067 |    0.467 |   0.00   0.07 | sp  9.6 |  watch | pass  5.2 (19%) | shot 0.0
  275 |     -0.150 |    0.425 |   0.00   0.15 | sp  9.7 |  watch | pass  5.7 (19%) | shot 0.0
  280 |     -0.133 |    0.433 |   0.00   0.13 | sp  9.2 |  watch | pass  7.1 (12%) | shot 0.0
  285 |     -0.067 |    0.467 |   0.00   0.07 | sp  9.0 |  watch | pass  4.8 (17%) | shot 0.0
  290 |     -0.100 |    0.450 |   0.00   0.10 | sp  9.6 |  watch | pass  6.0 (15%) | shot 0.0
  295 |     -0.083 |    0.458 |   0.00   0.08 | sp  9.0 |  watch | pass  4.4 (20%) | shot 0.0
  300 |     -0.050 |    0.475 |   0.00   0.05 | sp  9.9 |  watch | pass  6.1 (14%) | shot 0.0
  305 |     -0.083 |    0.458 |   0.00   0.08 | sp  9.9 |  watch | pass  5.2 (18%) | shot 0.0
  310 |     -0.150 |    0.425 |   0.00   0.15 | sp  9.7 |  watch | pass  4.1 (23%) | shot 0.0
  315 |     -0.050 |    0.475 |   0.00   0.05 | sp 10.7 |  watch | pass  3.7 (27%) | shot 0.0
  320 |     -0.117 |    0.442 |   0.00   0.12 | sp 10.6 |  watch | pass  5.5 (23%) | shot 0.0
  325 |     -0.083 |    0.458 |   0.00   0.08 | sp 10.7 |  watch | pass  5.3 (22%) | shot 0.0
  330 |     -0.083 |    0.458 |   0.00   0.08 | sp 10.7 |  watch | pass  4.8 (24%) | shot 0.0
  335 |     -0.183 |    0.408 |   0.00   0.18 | sp 10.3 |  watch | pass  6.7 (18%) | shot 0.0
  340 |     -0.133 |    0.433 |   0.00   0.13 | sp  9.3 |  watch | pass  5.0 (19%) | shot 0.0
  345 |     -0.100 |    0.450 |   0.00   0.10 | sp  9.7 |  watch | pass  5.8 (19%) | shot 0.0
  350 |     -0.117 |    0.450 |   0.00   0.12 | sp 10.2 |  watch | pass  8.8 (14%) | shot 0.0
  355 |     -0.117 |    0.442 |   0.00   0.12 | sp 10.2 |  watch | pass  7.7 (14%) | shot 0.0
  360 |     -0.067 |    0.467 |   0.00   0.07 | sp  9.7 |  watch | pass  3.2 (32%) | shot 0.0
  365 |     -0.083 |    0.458 |   0.00   0.08 | sp  9.3 |  watch | pass  3.6 (30%) | shot 0.0
  370 |     -0.183 |    0.408 |   0.00   0.18 | sp  9.1 |  watch | pass  6.2 (19%) | shot 0.0
  375 |     -0.100 |    0.450 |   0.00   0.10 | sp  8.9 |  watch | pass  6.3 (22%) | shot 0.0
  380 |     -0.067 |    0.467 |   0.00   0.07 | sp  9.1 |  watch | pass  8.2 (14%) | shot 0.0
  385 |     +0.000 |    0.500 |   0.00   0.00 | sp  9.2 |  watch | pass  1.2 (50%) | shot 0.0
  390 |     +0.000 |    0.500 |   0.00   0.00 | sp  8.9 |  watch | pass  0.6 (86%) | shot 0.0
  395 |     -0.100 |    0.450 |   0.00   0.10 | sp  9.0 |  watch | pass  3.0 (31%) | shot 0.0
  400 |     +0.000 |    0.500 |   0.00   0.00 | sp  8.9 |  watch | pass  3.3 (33%) | shot 0.0

wrote out/learning_curve.csv
warning: no checkpoint cleared the behavior gates; persisting best observed checkpoint with manifest flag
best policy at iter 10 (quality -1.545, gates=false)
saved policy -> out/actor.txt, out/critic.txt

FINAL (300 games): goal_diff=+0.177  winrate=0.562  goals 0.74-0.56  passes/game 20.3  spacing=3.3  bunch=73%
  pass: 32.2 att, 63% complete (57% fwd / 23% lat / 19% back) | shots 3.2, 23% converted | poss 39% | turnovers 26.1 | balls won 26.5
>>> The learned policy BEATS the scripted analytic baseline. <<<
display seed 109: before 0-0 (poss 41)  ->  after 3-0 (poss 238, passes 47)
wrote out/match_before.json + out/match_after.json (visual demo traces)
wrote out/run_manifest.json
