=== 5-a-side standalone learning demo ===
scripted-vs-scripted:   goal_diff=-0.09  (A 0.25 / B 0.34)
untrained-vs-scripted:  goal_diff=-0.11  winrate=0.44  (A 0.00 / B 0.11)  spacing=8.0
behavior-clone warm start: 28800 samples, loss 1.060, teacher-match 61%
training for 300 iterations (12 games/iter, 4 rollout workers, seed 20260710)...

 iter |  goal_diff |  winrate |     gA     gB |  space |   gate | entropy |  val_loss
--------------------------------------------------------------------------------
    5 |     -0.600 |    0.242 |   0.02   0.62 | sp  2.4 |  watch | pass 99.5 (67%) | shot 0.0
   10 |     -0.850 |    0.133 |   0.02   0.87 | sp  4.0 |  watch | pass 21.6 (34%) | shot 0.0
   15 |     -1.033 |    0.142 |   0.00   1.03 | sp  6.2 |  watch | pass  7.2 (21%) | shot 0.0
   20 |     -0.883 |    0.175 |   0.00   0.88 | sp  6.0 |  watch | pass  9.2 (25%) | shot 0.0
   25 |     -1.033 |    0.150 |   0.00   1.03 | sp  8.6 |  watch | pass  8.6 (23%) | shot 0.0
   30 |     -0.717 |    0.192 |   0.00   0.72 | sp 11.5 |  watch | pass  2.1 (30%) | shot 0.0
   35 |     -0.717 |    0.175 |   0.00   0.72 | sp  9.5 |  watch | pass  1.6 (19%) | shot 0.0
   40 |     -0.600 |    0.233 |   0.00   0.60 | sp 10.6 |  watch | pass  6.1 (14%) | shot 0.0
   45 |     -0.817 |    0.192 |   0.00   0.82 | sp  9.6 |  watch | pass  5.3 (8%) | shot 0.0
   50 |     -0.700 |    0.208 |   0.00   0.70 | sp  9.9 |  watch | pass 13.4 (12%) | shot 0.0
   55 |     -1.333 |    0.050 |   0.00   1.33 | sp  9.2 |  watch | pass 13.1 (13%) | shot 0.0
   60 |     -1.417 |    0.067 |   0.00   1.42 | sp 10.3 |  watch | pass 11.0 (14%) | shot 0.0
   65 |     -0.717 |    0.183 |   0.00   0.72 | sp  9.0 |  watch | pass 12.9 (13%) | shot 0.0
   70 |     -0.800 |    0.175 |   0.00   0.80 | sp  9.4 |  watch | pass  9.1 (9%) | shot 0.0
   75 |     -0.617 |    0.258 |   0.00   0.62 | sp  9.3 |  watch | pass  8.3 (9%) | shot 0.0
   80 |     -0.717 |    0.233 |   0.00   0.72 | sp  9.9 |  watch | pass  7.8 (12%) | shot 0.0
   85 |     -0.867 |    0.242 |   0.00   0.87 | sp  9.8 |  watch | pass  8.4 (11%) | shot 0.0
   90 |     -0.333 |    0.350 |   0.00   0.33 | sp  9.8 |  watch | pass  9.1 (12%) | shot 0.0
   95 |     -0.283 |    0.358 |   0.00   0.28 | sp 10.8 |  watch | pass  9.6 (20%) | shot 0.0
  100 |     -0.283 |    0.367 |   0.00   0.28 | sp 10.6 |  watch | pass  5.9 (24%) | shot 0.0
  105 |     -0.300 |    0.350 |   0.00   0.30 | sp  9.7 |  watch | pass  9.6 (26%) | shot 0.0
  110 |     -0.383 |    0.317 |   0.00   0.38 | sp 11.4 |  watch | pass  5.9 (18%) | shot 0.0
  115 |     -0.333 |    0.358 |   0.00   0.33 | sp 10.7 |  watch | pass  9.4 (19%) | shot 0.0
  120 |     -0.550 |    0.267 |   0.00   0.55 | sp 10.8 |  watch | pass  7.0 (22%) | shot 0.0
  125 |     -0.383 |    0.350 |   0.00   0.38 | sp  9.8 |  watch | pass  9.6 (23%) | shot 0.0
  130 |     -0.433 |    0.317 |   0.00   0.43 | sp 10.6 |  watch | pass  8.2 (24%) | shot 0.0
  135 |     -0.367 |    0.342 |   0.00   0.37 | sp 10.5 |  watch | pass  6.6 (33%) | shot 0.0
  140 |     -0.217 |    0.392 |   0.00   0.22 | sp 10.1 |  watch | pass 11.4 (23%) | shot 0.0
  145 |     -0.250 |    0.392 |   0.00   0.25 | sp 10.7 |  watch | pass 14.4 (25%) | shot 0.0
  150 |     -0.133 |    0.433 |   0.00   0.13 | sp 10.6 |  watch | pass  9.5 (31%) | shot 0.0
  155 |     -0.050 |    0.475 |   0.00   0.05 | sp  9.8 |  watch | pass  7.7 (34%) | shot 0.0
  160 |     -0.083 |    0.458 |   0.00   0.08 | sp  9.1 |  watch | pass  6.3 (39%) | shot 0.0
  165 |     -0.150 |    0.425 |   0.00   0.15 | sp  9.8 |  watch | pass  6.7 (36%) | shot 0.0
  170 |     -0.417 |    0.325 |   0.00   0.42 | sp  9.9 |  watch | pass  6.9 (36%) | shot 0.0
  175 |     -0.133 |    0.433 |   0.00   0.13 | sp  9.4 |  watch | pass  8.7 (36%) | shot 0.0
  180 |     -0.317 |    0.350 |   0.00   0.32 | sp  9.2 |  watch | pass 14.8 (22%) | shot 0.0
  185 |     -0.183 |    0.417 |   0.00   0.18 | sp  9.6 |  watch | pass 12.5 (25%) | shot 0.0
  190 |     -0.150 |    0.425 |   0.00   0.15 | sp  9.5 |  watch | pass 12.1 (24%) | shot 0.0
  195 |     -0.150 |    0.433 |   0.03   0.18 | sp  9.1 |  watch | pass 13.1 (24%) | shot 0.1
  200 |     -0.250 |    0.375 |   0.03   0.28 | sp  8.1 |  watch | pass 12.9 (21%) | shot 0.1
  205 |     -0.267 |    0.367 |   0.00   0.27 | sp  8.3 |  watch | pass 15.6 (15%) | shot 0.1
  210 |     -0.150 |    0.433 |   0.00   0.15 | sp  9.6 |  watch | pass 15.6 (21%) | shot 0.2
  215 |     +0.150 |    0.567 |   0.17   0.02 | sp  9.5 |  watch | pass 15.9 (30%) | shot 0.4
  220 |     +0.017 |    0.508 |   0.08   0.07 | sp 10.1 |  watch | pass 10.6 (28%) | shot 0.2
  225 |     -0.083 |    0.458 |   0.00   0.08 | sp  9.5 |  watch | pass 10.0 (30%) | shot 0.1
  230 |     -0.333 |    0.342 |   0.05   0.38 | sp  9.0 |  watch | pass 11.1 (27%) | shot 0.1
  235 |     -0.233 |    0.392 |   0.03   0.27 | sp  9.4 |  watch | pass 14.1 (23%) | shot 0.2
  240 |     -0.217 |    0.392 |   0.02   0.23 | sp  9.2 |  watch | pass 18.1 (25%) | shot 0.2
  245 |     -0.250 |    0.383 |   0.00   0.25 | sp  8.9 |  watch | pass 17.6 (25%) | shot 0.0
  250 |     -0.200 |    0.408 |   0.05   0.25 | sp  8.9 |  watch | pass 16.1 (31%) | shot 0.2
  255 |     -0.083 |    0.458 |   0.02   0.10 | sp  9.3 |  watch | pass 12.4 (28%) | shot 0.1
  260 |     -0.167 |    0.417 |   0.05   0.22 | sp  9.4 |  watch | pass 10.8 (35%) | shot 0.2
  265 |     +0.017 |    0.508 |   0.03   0.02 | sp  9.3 |  watch | pass 11.9 (30%) | shot 0.1
  270 |     -0.067 |    0.467 |   0.02   0.08 | sp  9.4 |  watch | pass 10.1 (36%) | shot 0.1
  275 |     -0.150 |    0.425 |   0.03   0.18 | sp  9.2 |  watch | pass 11.0 (36%) | shot 0.2
  280 |     -0.017 |    0.492 |   0.03   0.05 | sp  9.2 |  watch | pass  9.6 (42%) | shot 0.1
  285 |     +0.067 |    0.533 |   0.12   0.05 | sp  9.3 |  watch | pass 11.3 (42%) | shot 0.2
  290 |     +0.017 |    0.508 |   0.05   0.03 | sp  8.9 |  watch | pass 12.6 (32%) | shot 0.5
  295 |     -0.083 |    0.458 |   0.07   0.15 | sp  8.2 |  watch | pass 11.5 (32%) | shot 0.3
  300 |     +0.033 |    0.517 |   0.07   0.03 | sp  8.4 |  watch | pass 14.3 (34%) | shot 0.7

wrote out/learning_curve.csv
warning: no checkpoint cleared the behavior gates; persisting best observed checkpoint with manifest flag
best policy at iter 215 (quality -0.935, gates=false)
saved policy -> out/actor.txt, out/critic.txt

FINAL (300 games): goal_diff=-0.053  winrate=0.472  goals 0.08-0.13  passes/game 4.9  spacing=9.4  bunch=3%
  pass: 17.8 att, 28% complete (97% fwd / 1% lat / 2% back) | shots 0.3, 22% converted | poss 23% | turnovers 92.0 | balls won 129.3
display seed 111: before 0-0 (poss 1)  ->  after 1-0 (poss 141, passes 6)
wrote out/match_before.json + out/match_after.json (visual demo traces)
wrote out/run_manifest.json
