=== 5-a-side standalone learning demo ===
scripted-vs-scripted:   goal_diff=-0.05  (A 0.25 / B 0.30)
untrained-vs-scripted:  goal_diff=-0.15  winrate=0.44  (A 0.00 / B 0.15)  spacing=8.4
behavior-clone warm start: 28800 samples, loss 1.226, teacher-match 56%
training for 400 iterations (12 games/iter, 4 rollout workers, seed 20260710)...

 iter |  goal_diff |  winrate |     gA     gB |  space |   gate | entropy |  val_loss
--------------------------------------------------------------------------------
    5 |     -0.917 |    0.142 |   0.00   0.92 | sp  1.7 |  watch | pass 183.0 (76%) | shot 0.0
   10 |     -0.300 |    0.358 |   0.00   0.30 | sp  5.3 |  watch | pass  8.2 (32%) | shot 0.0
   15 |     -0.433 |    0.308 |   0.00   0.43 | sp  6.8 |  watch | pass 10.9 (40%) | shot 0.0
   20 |     -0.667 |    0.233 |   0.00   0.67 | sp 10.9 |  watch | pass  3.1 (35%) | shot 0.0
   25 |     -0.983 |    0.133 |   0.00   0.98 | sp 10.6 |  watch | pass  1.2 (37%) | shot 0.0
   30 |     -0.267 |    0.367 |   0.00   0.27 | sp 12.3 |  watch | pass  1.3 (42%) | shot 0.0
   35 |     -0.483 |    0.275 |   0.00   0.48 | sp 11.3 |  watch | pass  1.0 (39%) | shot 0.0
   40 |     -0.383 |    0.317 |   0.00   0.38 | sp 11.5 |  watch | pass  2.7 (26%) | shot 0.0
   45 |     -0.383 |    0.325 |   0.00   0.38 | sp 11.1 |  watch | pass  5.4 (18%) | shot 0.0
   50 |     -0.350 |    0.333 |   0.00   0.35 | sp 10.5 |  watch | pass  4.8 (19%) | shot 0.0
   55 |     -0.450 |    0.300 |   0.00   0.45 | sp  9.6 |  watch | pass  5.8 (23%) | shot 0.0
   60 |     -0.600 |    0.258 |   0.00   0.60 | sp  9.9 |  watch | pass  2.9 (22%) | shot 0.0
   65 |     -0.633 |    0.267 |   0.00   0.63 | sp 10.0 |  watch | pass  8.6 (17%) | shot 0.0
   70 |     -0.550 |    0.292 |   0.00   0.55 | sp  9.6 |  watch | pass  5.2 (36%) | shot 0.0
   75 |     -0.300 |    0.358 |   0.00   0.30 | sp  8.9 |  watch | pass  7.4 (26%) | shot 0.0
   80 |     -0.417 |    0.333 |   0.00   0.42 | sp  9.1 |  watch | pass  7.0 (38%) | shot 0.0
   85 |     -0.450 |    0.283 |   0.00   0.45 | sp  9.7 |  watch | pass  7.8 (37%) | shot 0.0
   90 |     -0.433 |    0.300 |   0.00   0.43 | sp 10.1 |  watch | pass  9.5 (36%) | shot 0.0
   95 |     -0.550 |    0.292 |   0.00   0.55 | sp 10.3 |  watch | pass  6.4 (31%) | shot 0.0
  100 |     -0.383 |    0.333 |   0.00   0.38 | sp  9.4 |  watch | pass  7.4 (27%) | shot 0.0
  105 |     -0.550 |    0.267 |   0.00   0.55 | sp  9.6 |  watch | pass  9.2 (30%) | shot 0.0
  110 |     -0.383 |    0.325 |   0.00   0.38 | sp  9.6 |  watch | pass 11.4 (26%) | shot 0.0
  115 |     -0.450 |    0.308 |   0.00   0.45 | sp  8.6 |  watch | pass 13.8 (33%) | shot 0.0
  120 |     -0.283 |    0.358 |   0.00   0.28 | sp  8.0 |  watch | pass 15.6 (42%) | shot 0.0
  125 |     -0.617 |    0.250 |   0.00   0.62 | sp  8.6 |  watch | pass 18.4 (42%) | shot 0.0
  130 |     -0.717 |    0.217 |   0.00   0.72 | sp  9.3 |  watch | pass 16.5 (44%) | shot 0.0
  135 |     -0.367 |    0.333 |   0.00   0.37 | sp  9.1 |  watch | pass 10.9 (40%) | shot 0.0
  140 |     -0.517 |    0.283 |   0.00   0.52 | sp  8.8 |  watch | pass 19.0 (36%) | shot 0.0
  145 |     -0.317 |    0.375 |   0.00   0.32 | sp  9.5 |  watch | pass  9.2 (48%) | shot 0.0
  150 |     -0.533 |    0.283 |   0.00   0.53 | sp  9.3 |  watch | pass 18.7 (42%) | shot 0.0
  155 |     -0.750 |    0.233 |   0.00   0.75 | sp  9.1 |  watch | pass 16.0 (43%) | shot 0.0
  160 |     -0.967 |    0.150 |   0.00   0.97 | sp  9.9 |  watch | pass 11.2 (35%) | shot 0.0
  165 |     -0.283 |    0.367 |   0.00   0.28 | sp  9.7 |  watch | pass 14.5 (28%) | shot 0.0
  170 |     -0.467 |    0.292 |   0.00   0.47 | sp 10.3 |  watch | pass 12.3 (27%) | shot 0.0
  175 |     -0.283 |    0.375 |   0.00   0.28 | sp 10.0 |  watch | pass 10.1 (25%) | shot 0.0
  180 |     -0.250 |    0.375 |   0.00   0.25 | sp 10.4 |  watch | pass 11.3 (26%) | shot 0.0
  185 |     -0.250 |    0.392 |   0.00   0.25 | sp  9.8 |  watch | pass 13.7 (26%) | shot 0.1
  190 |     -0.250 |    0.383 |   0.02   0.27 | sp  9.8 |  watch | pass 18.0 (20%) | shot 0.1
  195 |     -0.333 |    0.342 |   0.00   0.33 | sp 10.0 |  watch | pass 14.5 (18%) | shot 0.1
  200 |     -0.233 |    0.383 |   0.00   0.23 | sp  9.8 |  watch | pass 12.7 (25%) | shot 0.2
  205 |     -0.167 |    0.433 |   0.02   0.18 | sp  9.1 |  watch | pass 16.0 (22%) | shot 0.1
  210 |     -0.267 |    0.392 |   0.00   0.27 | sp  8.5 |  watch | pass 14.4 (29%) | shot 0.0
  215 |     -0.300 |    0.350 |   0.00   0.30 | sp  9.0 |  watch | pass 17.2 (22%) | shot 0.1
  220 |     -0.250 |    0.392 |   0.02   0.27 | sp  8.8 |  watch | pass 16.4 (21%) | shot 0.2
  225 |     -0.250 |    0.400 |   0.00   0.25 | sp  9.9 |  watch | pass  9.1 (18%) | shot 0.0
  230 |     -0.233 |    0.383 |   0.00   0.23 | sp  9.9 |  watch | pass 10.9 (22%) | shot 0.0
  235 |     -0.250 |    0.392 |   0.00   0.25 | sp  9.1 |  watch | pass 18.2 (25%) | shot 0.1
  240 |     -0.417 |    0.325 |   0.00   0.42 | sp 10.0 |  watch | pass 17.6 (17%) | shot 0.1
  245 |     -0.217 |    0.392 |   0.00   0.22 | sp  9.2 |  watch | pass 15.1 (27%) | shot 0.1
  250 |     -0.717 |    0.217 |   0.00   0.72 | sp  9.0 |  watch | pass 17.7 (28%) | shot 0.1
  255 |     -0.367 |    0.358 |   0.00   0.37 | sp  9.5 |  watch | pass 11.3 (30%) | shot 0.2
  260 |     -0.250 |    0.383 |   0.00   0.25 | sp  9.1 |  watch | pass 14.4 (35%) | shot 0.1
  265 |     -0.600 |    0.267 |   0.02   0.62 | sp  8.7 |  watch | pass 16.4 (35%) | shot 0.2
  270 |     -0.400 |    0.317 |   0.00   0.40 | sp  8.4 |  watch | pass 15.3 (34%) | shot 0.1
  275 |     -0.533 |    0.267 |   0.00   0.53 | sp  8.4 |  watch | pass 24.1 (31%) | shot 0.2
  280 |     -0.533 |    0.275 |   0.00   0.53 | sp  8.3 |  watch | pass 16.5 (36%) | shot 0.1
  285 |     -0.383 |    0.317 |   0.00   0.38 | sp  7.8 |  watch | pass 17.0 (34%) | shot 0.1
  290 |     -0.617 |    0.242 |   0.00   0.62 | sp  8.6 |  watch | pass 15.2 (35%) | shot 0.1
  295 |     -0.550 |    0.267 |   0.00   0.55 | sp  8.0 |  watch | pass 18.7 (30%) | shot 0.1
  300 |     -0.400 |    0.317 |   0.00   0.40 | sp  8.3 |  watch | pass 19.1 (25%) | shot 0.1
  305 |     -0.300 |    0.358 |   0.00   0.30 | sp  8.5 |  watch | pass 16.4 (29%) | shot 0.1
  310 |     -0.283 |    0.383 |   0.00   0.28 | sp  8.3 |  watch | pass 19.8 (25%) | shot 0.1
  315 |     -0.433 |    0.292 |   0.00   0.43 | sp  8.1 |  watch | pass 17.4 (24%) | shot 0.1
  320 |     -0.183 |    0.408 |   0.00   0.18 | sp  8.3 |  watch | pass 16.9 (23%) | shot 0.1
  325 |     -0.467 |    0.308 |   0.00   0.47 | sp  8.9 |  watch | pass 15.4 (25%) | shot 0.1
  330 |     -0.367 |    0.342 |   0.00   0.37 | sp  8.6 |  watch | pass 17.6 (25%) | shot 0.1
  335 |     -0.233 |    0.392 |   0.00   0.23 | sp  8.8 |  watch | pass 15.8 (26%) | shot 0.2
  340 |     -0.350 |    0.342 |   0.00   0.35 | sp  8.5 |  watch | pass 20.1 (30%) | shot 0.2
  345 |     -0.233 |    0.392 |   0.00   0.23 | sp  8.6 |  watch | pass 16.2 (30%) | shot 0.1
  350 |     -0.100 |    0.458 |   0.02   0.12 | sp  8.5 |  watch | pass 13.0 (36%) | shot 0.2
  355 |     -0.217 |    0.392 |   0.00   0.22 | sp  8.5 |  watch | pass 15.5 (27%) | shot 0.1
  360 |     -0.350 |    0.342 |   0.02   0.37 | sp  8.4 |  watch | pass 15.1 (27%) | shot 0.1
  365 |     -0.217 |    0.392 |   0.00   0.22 | sp  8.4 |  watch | pass 11.3 (35%) | shot 0.2
  370 |     -0.383 |    0.333 |   0.00   0.38 | sp  8.8 |  watch | pass 13.9 (28%) | shot 0.3
  375 |     -0.517 |    0.283 |   0.00   0.52 | sp  9.0 |  watch | pass 15.4 (28%) | shot 0.4
  380 |     -0.333 |    0.350 |   0.00   0.33 | sp  8.8 |  watch | pass 10.0 (24%) | shot 0.2
  385 |     -0.383 |    0.342 |   0.00   0.38 | sp  8.5 |  watch | pass 14.3 (28%) | shot 0.5
  390 |     -0.317 |    0.367 |   0.00   0.32 | sp  8.5 |  watch | pass 11.6 (28%) | shot 0.4
  395 |     -0.283 |    0.400 |   0.02   0.30 | sp  8.3 |  watch | pass 11.7 (27%) | shot 0.4
  400 |     -0.367 |    0.342 |   0.00   0.37 | sp  8.6 |  watch | pass 17.5 (24%) | shot 0.7

wrote out/learning_curve.csv
warning: no checkpoint cleared the behavior gates; persisting best observed checkpoint with manifest flag
best policy at iter 205 (quality -2.172, gates=false)
saved policy -> out/actor.txt, out/critic.txt

FINAL (300 games): goal_diff=-0.277  winrate=0.375  goals 0.00-0.28  passes/game 3.4  spacing=9.3  bunch=4%
  pass: 14.7 att, 23% complete (84% fwd / 4% lat / 12% back) | shots 0.1, 0% converted | poss 17% | turnovers 93.7 | balls won 97.3
warning: no display seed matched the showcase filter; using seed 1 as a fallback
display seed 1 (fallback): before 0-0 (poss 233)  ->  after 0-0 (poss 190, passes 1)
wrote out/match_before.json + out/match_after.json (visual demo traces)
wrote out/run_manifest.json
