=== 5-a-side standalone learning demo ===
scripted-vs-scripted:   goal_diff=-0.13  (A 0.34 / B 0.47)
untrained-vs-scripted:  goal_diff=-0.04  winrate=0.48  (A 0.00 / B 0.04)  spacing=9.3
behavior-clone warm start: 28800 samples, loss 1.056, teacher-match 62%
training for 300 iterations (12 games/iter, 4 rollout workers, seed 20260710)...

 iter |  goal_diff |  winrate |     gA     gB |  space |   gate | entropy |  val_loss
--------------------------------------------------------------------------------
    5 |     -1.117 |    0.125 |   0.00   1.12 | sp  1.9 |  watch | pass 169.0 (72%) | shot 0.1
   10 |     -0.517 |    0.283 |   0.00   0.52 | sp  4.6 |  watch | pass 11.9 (37%) | shot 0.0
   15 |     -0.950 |    0.150 |   0.00   0.95 | sp  4.5 |  watch | pass 11.0 (27%) | shot 0.0
   20 |     -1.067 |    0.100 |   0.00   1.07 | sp  7.5 |  watch | pass  7.8 (30%) | shot 0.0
   25 |     -0.950 |    0.208 |   0.00   0.95 | sp 13.1 |  watch | pass  4.5 (21%) | shot 0.0
   30 |     -0.633 |    0.258 |   0.00   0.63 | sp 13.3 |  watch | pass  6.1 (19%) | shot 0.0
   35 |     -0.917 |    0.233 |   0.00   0.92 | sp 12.4 |  watch | pass  4.9 (10%) | shot 0.0
   40 |     -0.767 |    0.183 |   0.00   0.77 | sp 11.8 |  watch | pass  5.5 (17%) | shot 0.0
   45 |     -0.733 |    0.258 |   0.00   0.73 | sp 12.8 |  watch | pass  3.7 (10%) | shot 0.0
   50 |     -1.133 |    0.133 |   0.00   1.13 | sp 13.8 |  watch | pass 15.1 (3%) | shot 0.0
   55 |     -1.500 |    0.092 |   0.00   1.50 | sp 12.3 |  watch | pass 11.0 (10%) | shot 0.0
   60 |     -0.850 |    0.192 |   0.00   0.85 | sp 12.4 |  watch | pass  5.2 (9%) | shot 0.0
   65 |     -1.450 |    0.092 |   0.00   1.45 | sp 12.4 |  watch | pass  3.5 (19%) | shot 0.0
   70 |     -0.467 |    0.308 |   0.00   0.47 | sp  9.5 |  watch | pass  4.1 (29%) | shot 0.0
   75 |     -1.150 |    0.133 |   0.00   1.15 | sp 12.1 |  watch | pass  3.2 (18%) | shot 0.0
   80 |     -0.733 |    0.233 |   0.00   0.73 | sp 11.8 |  watch | pass  2.3 (35%) | shot 0.0
   85 |     -1.083 |    0.133 |   0.00   1.08 | sp 12.4 |  watch | pass  3.5 (12%) | shot 0.0
   90 |     -0.417 |    0.317 |   0.00   0.42 | sp 10.6 |  watch | pass  8.4 (14%) | shot 0.0
   95 |     -0.517 |    0.300 |   0.00   0.52 | sp 11.0 |  watch | pass 12.5 (10%) | shot 0.0
  100 |     -0.950 |    0.183 |   0.00   0.95 | sp 10.6 |  watch | pass  7.1 (17%) | shot 0.0
  105 |     -0.650 |    0.242 |   0.00   0.65 | sp 10.7 |  watch | pass  4.5 (20%) | shot 0.0
  110 |     -1.067 |    0.158 |   0.00   1.07 | sp 10.8 |  watch | pass 12.9 (15%) | shot 0.0
  115 |     -0.967 |    0.133 |   0.00   0.97 | sp 10.6 |  watch | pass 13.2 (10%) | shot 0.0
  120 |     -1.417 |    0.108 |   0.00   1.42 | sp 11.3 |  watch | pass  6.3 (12%) | shot 0.0
  125 |     -1.083 |    0.158 |   0.00   1.08 | sp 11.2 |  watch | pass  5.0 (18%) | shot 0.0
  130 |     -0.900 |    0.167 |   0.00   0.90 | sp 10.5 |  watch | pass  6.3 (16%) | shot 0.0
  135 |     -0.633 |    0.225 |   0.00   0.63 | sp 10.0 |  watch | pass  2.0 (32%) | shot 0.0
  140 |     -1.000 |    0.158 |   0.00   1.00 | sp  9.4 |  watch | pass  4.1 (28%) | shot 0.0
  145 |     -0.767 |    0.192 |   0.00   0.77 | sp 10.0 |  watch | pass  3.9 (21%) | shot 0.0
  150 |     -0.950 |    0.150 |   0.00   0.95 | sp 10.0 |  watch | pass 17.8 (17%) | shot 0.0
  155 |     -0.800 |    0.183 |   0.00   0.80 | sp  9.8 |  watch | pass 12.6 (18%) | shot 0.0
  160 |     -0.500 |    0.300 |   0.00   0.50 | sp 10.0 |  watch | pass 10.9 (18%) | shot 0.0
  165 |     -0.533 |    0.267 |   0.00   0.53 | sp  9.6 |  watch | pass  7.8 (25%) | shot 0.0
  170 |     -0.550 |    0.292 |   0.00   0.55 | sp  9.4 |  watch | pass  7.8 (20%) | shot 0.0
  175 |     -0.317 |    0.375 |   0.00   0.32 | sp  9.8 |  watch | pass  6.3 (21%) | shot 0.0
  180 |     -0.517 |    0.308 |   0.00   0.52 | sp 10.6 |  watch | pass 12.3 (12%) | shot 0.0
  185 |     -0.767 |    0.225 |   0.00   0.77 | sp 10.1 |  watch | pass  9.6 (17%) | shot 0.0
  190 |     -0.417 |    0.317 |   0.00   0.42 | sp  9.4 |  watch | pass  7.2 (24%) | shot 0.0
  195 |     -0.633 |    0.208 |   0.00   0.63 | sp  9.1 |  watch | pass  6.4 (24%) | shot 0.0
  200 |     -0.700 |    0.250 |   0.00   0.70 | sp  9.4 |  watch | pass  7.6 (18%) | shot 0.0
  205 |     -0.600 |    0.258 |   0.00   0.60 | sp  9.6 |  watch | pass  6.6 (19%) | shot 0.0
  210 |     -0.600 |    0.242 |   0.00   0.60 | sp  9.2 |  watch | pass 11.2 (20%) | shot 0.0
  215 |     -0.667 |    0.250 |   0.00   0.67 | sp  9.1 |  watch | pass 10.3 (20%) | shot 0.0
  220 |     -1.017 |    0.142 |   0.00   1.02 | sp  8.6 |  watch | pass  8.7 (25%) | shot 0.0
  225 |     -0.850 |    0.192 |   0.00   0.85 | sp  8.5 |  watch | pass  6.0 (32%) | shot 0.0
  230 |     -0.900 |    0.175 |   0.00   0.90 | sp  9.1 |  watch | pass 10.7 (20%) | shot 0.0
  235 |     -0.850 |    0.175 |   0.00   0.85 | sp  9.0 |  watch | pass 13.2 (18%) | shot 0.0
  240 |     -0.483 |    0.308 |   0.00   0.48 | sp  9.3 |  watch | pass 11.6 (17%) | shot 0.0
  245 |     -0.667 |    0.233 |   0.00   0.67 | sp  9.6 |  watch | pass 12.2 (14%) | shot 0.0
  250 |     -0.500 |    0.292 |   0.00   0.50 | sp  9.9 |  watch | pass 16.3 (10%) | shot 0.0
  255 |     -0.333 |    0.367 |   0.00   0.33 | sp  9.3 |  watch | pass 15.3 (12%) | shot 0.0
  260 |     -0.367 |    0.325 |   0.00   0.37 | sp  9.1 |  watch | pass 16.6 (16%) | shot 0.0
  265 |     -0.500 |    0.283 |   0.00   0.50 | sp  8.4 |  watch | pass 13.3 (19%) | shot 0.0
  270 |     -0.633 |    0.217 |   0.00   0.63 | sp  8.4 |  watch | pass 16.4 (16%) | shot 0.0
  275 |     -0.733 |    0.208 |   0.00   0.73 | sp  8.2 |  watch | pass 13.0 (23%) | shot 0.0
  280 |     -0.817 |    0.200 |   0.00   0.82 | sp  8.7 |  watch | pass 11.7 (20%) | shot 0.0
  285 |     -0.550 |    0.258 |   0.00   0.55 | sp  8.3 |  watch | pass 13.9 (21%) | shot 0.0
  290 |     -0.650 |    0.242 |   0.00   0.65 | sp  8.6 |  watch | pass 13.6 (13%) | shot 0.0
  295 |     -0.350 |    0.342 |   0.00   0.35 | sp  8.4 |  watch | pass 11.1 (22%) | shot 0.0
  300 |     -0.400 |    0.308 |   0.00   0.40 | sp  8.5 |  watch | pass 11.4 (20%) | shot 0.0

wrote out/learning_curve.csv
warning: no checkpoint cleared the behavior gates; persisting best observed checkpoint with manifest flag
best policy at iter 260 (quality -2.938, gates=false)
saved policy -> out/actor.txt, out/critic.txt

FINAL (300 games): goal_diff=-0.457  winrate=0.303  goals 0.00-0.46  passes/game 2.3  spacing=9.2  bunch=3%
  pass: 17.0 att, 14% complete (95% fwd / 3% lat / 2% back) | shots 0.0, 0% converted | poss 18% | turnovers 102.6 | balls won 101.8
warning: no display seed matched the showcase filter; using seed 1 as a fallback
display seed 1 (fallback): before 0-0 (poss 2)  ->  after 0-1 (poss 67, passes 4)
wrote out/match_before.json + out/match_after.json (visual demo traces)
wrote out/run_manifest.json
